<?xml version="1.0" encoding="UTF-8"?>
<testsuite name="ArrayUtilsTest" tests="7" skipped="0" failures="0" errors="0" timestamp="2024-03-30T20:45:01" hostname="TiechuandeMacBook-Air.local" time="0.023">
  <properties/>
  <testcase name="testFindLastNull()" classname="ArrayUtilsTest" time="0.014"/>
  <testcase name="testFindLastEmpty()" classname="ArrayUtilsTest" time="0.001"/>
  <testcase name="testOddOrPositiveBothPositivesAndNegatives()" classname="ArrayUtilsTest" time="0.001"/>
  <testcase name="testFindLastNonExistent()" classname="ArrayUtilsTest" time="0.0"/>
  <testcase name="testOddOrPosAllPositives()" classname="ArrayUtilsTest" time="0.001"/>
  <testcase name="testOddOrPosNull()" classname="ArrayUtilsTest" time="0.001"/>
  <testcase name="testFindLastExistsFirstElement()" classname="ArrayUtilsTest" time="0.001"/>
  <system-out><![CDATA[]]></system-out>
  <system-err><![CDATA[]]></system-err>
</testsuite>
