<?xml version="1.0" encoding="UTF-8"?>
<testsuite name="ArrayUtilsTest" tests="7" skipped="0" failures="0" errors="0" timestamp="2024-03-30T22:26:12" hostname="TiechuandeMacBook-Air.local" time="0.026">
  <properties/>
  <testcase name="testFindLastNull()" classname="ArrayUtilsTest" time="0.017"/>
  <testcase name="testFindLastEmpty()" classname="ArrayUtilsTest" time="0.004"/>
  <testcase name="testOddOrPositiveBothPositivesAndNegatives()" classname="ArrayUtilsTest" time="0.0"/>
  <testcase name="testFindLastNonExistent()" classname="ArrayUtilsTest" time="0.0"/>
  <testcase name="testOddOrPosAllPositives()" classname="ArrayUtilsTest" time="0.0"/>
  <testcase name="testOddOrPosNull()" classname="ArrayUtilsTest" time="0.0"/>
  <testcase name="testFindLastExistsFirstElement()" classname="ArrayUtilsTest" time="0.0"/>
  <system-out><![CDATA[]]></system-out>
  <system-err><![CDATA[]]></system-err>
</testsuite>
